Arguments: 
  /home/denis/.nvm/versions/node/v12.0.0/bin/node /usr/share/yarn/bin/yarn.js eslint --init

PATH: 
  /home/denis/.nvm/versions/node/v12.0.0/bin:/usr/local/sbin:/usr/local/bin:/usr/sbin:/usr/bin:/sbin:/bin:/usr/games:/usr/local/games:/snap/bin

Yarn version: 
  1.15.2

Node version: 
  12.0.0

Platform: 
  linux x64

Trace: 
  SyntaxError: /home/denis/Sites/bootcamp/mkt/package.json: Unexpected token } in JSON at position 257
      at JSON.parse (<anonymous>)
      at /usr/share/yarn/lib/cli.js:1625:59
      at Generator.next (<anonymous>)
      at step (/usr/share/yarn/lib/cli.js:304:30)
      at /usr/share/yarn/lib/cli.js:315:13

npm manifest: 
  {
    "name": "modulo1",
    "version": "1.0.0",
    "main": "index.js",
    "license": "MIT",
    "scripts": {
      "dev": "nodemon src/index.js --watch",
      "start": "node src/index.js"
    },
    "dependencies": {
      "express": "^4.16.4",
      "heroku": "^7.22.10",
    },
    "devDependencies": {
      "eslint": "^5.16.0",
      "eslint-config-standard": "^12.0.0",
      "eslint-plugin-import": "^2.17.2",
      "eslint-plugin-node": "^8.0.1",
      "eslint-plugin-promise": "^4.1.1",
      "eslint-plugin-standard": "^4.0.0",
      "nodemon": "^1.18.11",
    }
  }

yarn manifest: 
  No manifest

Lockfile: 
  No lockfile
